\BOOKMARK [1][-]{section*.2}{\376\377\000C\000o\000n\000t\000e\000n\000t\000s}{}% 1
\BOOKMARK [1][-]{section*.3}{\376\377\000N\000o\000m\000e\000n\000c\000l\000a\000t\000u\000r\000e}{}% 2
\BOOKMARK [2][-]{section*.4}{\376\377\000A\000c\000r\000o\000n\000y\000m\000s}{section*.3}% 3
\BOOKMARK [2][-]{section*.5}{\376\377\000S\000y\000m\000b\000o\000l\000s}{section*.3}% 4
\BOOKMARK [2][-]{section*.6}{\376\377\000S\000u\000b\000s\000c\000r\000i\000p\000t\000s}{section*.3}% 5
\BOOKMARK [1][-]{section.1}{\376\377\000I\000n\000t\000r\000o\000d\000u\000c\000t\000i\000o\000n\000\040\000a\000n\000d\000\040\000l\000i\000t\000e\000r\000a\000t\000u\000r\000e\000\040\000o\000v\000e\000r\000v\000i\000e\000w}{}% 6
\BOOKMARK [2][-]{subsection.1.1}{\376\377\000B\000l\000o\000w\000-\000d\000o\000w\000n\000\040\000h\000e\000r\000i\000t\000a\000g\000e}{section.1}% 7
\BOOKMARK [2][-]{subsection.1.2}{\376\377\000A\000d\000d\000i\000t\000i\000v\000e\000\040\000m\000a\000n\000u\000f\000a\000c\000t\000u\000r\000i\000n\000g\000\040\000s\000t\000a\000t\000e\000\040\000o\000f\000\040\000a\000r\000t}{section.1}% 8
\BOOKMARK [2][-]{subsection.1.3}{\376\377\000A\000n\000a\000l\000y\000s\000i\000s\000\040\000o\000f\000\040\000l\000o\000s\000s\000e\000s}{section.1}% 9
\BOOKMARK [1][-]{section.2}{\376\377\000M\000o\000d\000e\000l\000i\000n\000g\000\040\000o\000f\000\040\000p\000r\000o\000p\000u\000l\000s\000i\000o\000n\000\040\000s\000y\000s\000t\000e\000m}{}% 10
\BOOKMARK [2][-]{subsection.2.1}{\376\377\000T\000a\000n\000k\000s\000\040\000s\000i\000z\000i\000n\000g}{section.2}% 11
\BOOKMARK [2][-]{subsection.2.2}{\376\377\000S\000y\000s\000t\000e\000m\000\040\000d\000y\000n\000a\000m\000i\000c\000s}{section.2}% 12
\BOOKMARK [1][-]{section.3}{\376\377\000R\000e\000s\000u\000l\000t\000s\000\040\000a\000n\000a\000l\000y\000s\000i\000s}{}% 13
\BOOKMARK [1][-]{section.4}{\376\377\000N\000o\000z\000z\000l\000e\000\040\000l\000o\000s\000s\000e\000s}{}% 14
\BOOKMARK [2][-]{subsection.4.1}{\376\377\000L\000o\000s\000s\000e\000s\000\040\000c\000a\000l\000c\000u\000l\000a\000t\000i\000o\000n\000s}{section.4}% 15
\BOOKMARK [2][-]{subsection.4.2}{\376\377\000E\000f\000f\000e\000c\000t\000s\000\040\000o\000n\000\040\000t\000h\000e\000\040\000n\000o\000m\000i\000n\000a\000l\000\040\000d\000e\000s\000i\000g\000n}{section.4}% 16
\BOOKMARK [3][-]{subsubsection.4.2.1}{\376\377\000O\000n\000l\000y\000\040\000b\000o\000u\000n\000d\000a\000r\000y\000\040\000l\000a\000y\000e\000r\000\040\000l\000o\000s\000s\000e\000s}{subsection.4.2}% 17
\BOOKMARK [3][-]{subsubsection.4.2.2}{\376\377\000N\000o\000z\000z\000l\000e\000\040\000l\000o\000s\000s\000e\000s\000\040\000o\000n\000l\000y\000\040\000t\000h\000r\000o\000a\000t\000\040\000e\000r\000o\000s\000i\000o\000n}{subsection.4.2}% 18
\BOOKMARK [3][-]{subsubsection.4.2.3}{\376\377\000C\000o\000m\000p\000l\000e\000t\000e\000\040\000n\000o\000z\000z\000l\000e\000\040\000l\000o\000s\000s\000e\000s}{subsection.4.2}% 19
\BOOKMARK [1][-]{section.5}{\376\377\000A\000d\000d\000i\000t\000i\000v\000e\000\040\000m\000a\000n\000u\000f\000a\000c\000t\000u\000r\000i\000n\000g\000\040\000i\000n\000f\000l\000u\000e\000n\000c\000e\000s}{}% 20
\BOOKMARK [1][-]{section.6}{\376\377\000C\000o\000o\000l\000i\000n\000g\000\040\000a\000n\000a\000l\000y\000s\000i\000s}{}% 21
\BOOKMARK [1][-]{section*.7}{\376\377\000B\000i\000b\000l\000i\000o\000g\000r\000a\000p\000h\000y}{}% 22
